1721123256,,,D:\Downloads\Compressed\PHP Laravel 10 for 2023 Build Complete Job Portal_2\[TutsNode.net] - PHP Laravel 10 for 2023 Build Complete Job Portal\4. Diving Deeper and Getting Main Features Done\2. Working with Home Page pt.2.mp4,238
1721123451,,,D:\Downloads\Compressed\PHP Laravel 10 for 2023 Build Complete Job Portal_2\[TutsNode.net] - PHP Laravel 10 for 2023 Build Complete Job Portal\4. Diving Deeper and Getting Main Features Done\2. Working with Home Page pt.2.mp4,238
1721127199,,,D:\Downloads\Compressed\PHP Laravel 10 for 2023 Build Complete Job Portal_2\[TutsNode.net] - PHP Laravel 10 for 2023 Build Complete Job Portal\4. Diving Deeper and Getting Main Features Done\3. Displaying Single Job pt.1.mp4,237
1721130167,,,D:\Downloads\Video\Beauty.Inside.S01E05.KOR.720p.WEB-DL.x265.HEVC.10bit.ESub.mkv,93
1721130306,,,D:\Downloads\Video\Beauty.Inside.S01E05.KOR.720p.WEB-DL.x265.HEVC.10bit.ESub.mkv,93
1721130387,,,D:\Downloads\Video\Beauty.Inside.S01E05.KOR.720p.WEB-DL.x265.HEVC.10bit.ESub.mkv,93
1721130482,,,D:\Downloads\Video\Beauty.Inside.S01E05.KOR.720p.WEB-DL.x265.HEVC.10bit.ESub.mkv,93
1721130571,,,D:\Downloads\Video\Beauty.Inside.S01E05.KOR.720p.WEB-DL.x265.HEVC.10bit.ESub.mkv,93
1721131335,,,D:\Downloads\Video\Beauty.Inside.S01E05.KOR.720p.WEB-DL.x265.HEVC.10bit.ESub.mkv,93
1721131405,,,D:\Downloads\Video\Beauty.Inside.S01E05.KOR.720p.WEB-DL.x265.HEVC.10bit.ESub.mkv,93
1721131551,,,D:\Downloads\Video\Beauty.Inside.S01E05.KOR.720p.WEB-DL.x265.HEVC.10bit.ESub.mkv,93
1721133372,115,The Heirs (Inheritors) S01 E07 720p 10bit NF WEB-DL AV1 [Org MX Hindi AAC 2.0 + Korean AAC 2.0] ESub ~ (Anmol) Saon,D:\Downloads\Video\The Heirs S01E07  720p NF WEBRip x265 HEVC ESub [Dual Audio][Hindi 2.0+Korean 2.0] -Saon.mkv,242
1721133398,115,The Heirs (Inheritors) S01 E08 720p 10bit NF WEB-DL AV1 [Org MX Hindi AAC 2.0 + Korean AAC 2.0] ESub ~ (Anmol) Saon,D:\Downloads\Video\The Heirs S01E08  720p NF WEBRip x265 HEVC ESub [Dual Audio][Hindi 2.0+Korean 2.0] -Saon.mkv,242
1721133906,,,D:\Downloads\The.Best.Chicken.E02.x265.720p-WEB-DL.mkv,67
1721137503,17,Inheritors S01E06,D:\Downloads\The.Heirs.S01E06.720p.NF.WEB-DL.x265.10Bit-Pahe.in.mkv,99
1721138691,,,D:\Downloads\Video\Beauty.Inside.S01E06.KOR.720p.WEB-DL.x265.HEVC.10bit.ESub.mkv,93
1721139968,,,D:\Downloads\Video\Beauty.Inside.S01E06.KOR.720p.WEB-DL.x265.HEVC.10bit.ESub.mkv,93
1721142644,,,D:\Downloads\Video\Beauty.Inside.S01E06.KOR.720p.WEB-DL.x265.HEVC.10bit.ESub.mkv,93
1721142873,,,D:\Downloads\Video\Beauty.Inside.S01E06.KOR.720p.WEB-DL.x265.HEVC.10bit.ESub.mkv,93
1721143161,,,D:\Downloads\Video\Beauty.Inside.S01E06.KOR.720p.WEB-DL.x265.HEVC.10bit.ESub.mkv,93
1721143500,,,D:\Downloads\Video\Beauty.Inside.S01E06.KOR.720p.WEB-DL.x265.HEVC.10bit.ESub.mkv,93
1721145024,49,Love.Forecast.2015.720p.BluRay.x264.800MB-PAHE.in,D:\Downloads\Video\Love.Forecast.2015.Korean.720p.BluRay.x264.ESub-Pahe.mkv,139
1721147469,49,Love.Forecast.2015.720p.BluRay.x264.800MB-PAHE.in,D:\Downloads\Video\Love.Forecast.2015.Korean.720p.BluRay.x264.ESub-Pahe.mkv,139
1721147601,49,Love.Forecast.2015.720p.BluRay.x264.800MB-PAHE.in,D:\Downloads\Video\Love.Forecast.2015.Korean.720p.BluRay.x264.ESub-Pahe.mkv,139
1721197803,,,D:\Downloads\The.Best.Chicken.E03.x265.720p-WEB-DL.mkv,67
1721197885,,,D:\Downloads\The.Best.Chicken.E03.x265.720p-WEB-DL.mkv,67
1721197971,,,D:\Downloads\Video\Beauty.Inside.S01E10.KOR.720p.WEB-DL.x265.HEVC.10bit.ESub.mkv,93
1721202521,,,D:\Downloads\Video\Watch Perfect and Casual Season 1 Episode 1- Episode 1 full HD on SFlix Free.ts,111
1721202772,,,D:\Downloads\Video\Take.Care.of.the.Young.Lady.E01.x265.720p-KMX.mkv,81
1721203128,,,D:\Downloads\Video\Take.Care.of.the.Young.Lady.E01.x265.720p-KMX.mkv,81
1721203470,,,D:\Downloads\Video\Take.Care.of.the.Young.Lady.E01.x265.720p-KMX.mkv,81
1721203567,,,D:\Downloads\Video\Take.Care.of.the.Young.Lady.E01.x265.720p-KMX.mkv,81
1721203764,,,D:\Downloads\Video\Take.Care.of.the.Young.Lady.E01.x265.720p-KMX.mkv,81
1721203788,,,D:\Downloads\Video\Take.Care.of.the.Young.Lady.E01.x265.720p-KMX.mkv,81
1721204161,,,D:\Downloads\Video\Take.Care.of.the.Young.Lady.E01.x265.720p-KMX.mkv,81
1721209029,,,D:\Downloads\Video\Take.Care.of.the.Young.Lady.E01.x265.720p-KMX.mkv,81
1721209323,,,D:\Downloads\Video\Take.Care.of.the.Young.Lady.E01.x265.720p-KMX.mkv,81
1721209841,,,D:\Downloads\Video\Take.Care.of.the.Young.Lady.E01.x265.720p-KMX.mkv,81
